{"/Users/newstudent/Developer/capstone/tracker-frontend/app/src/App.jsx": {"path":"/Users/newstudent/Developer/capstone/tracker-frontend/app/src/App.jsx","all":true,"statementMap":{"0":{"start":{"line":1,"column":0},"end":{"line":1,"column":33}},"1":{"start":{"line":2,"column":0},"end":{"line":2,"column":19}},"2":{"start":{"line":3,"column":0},"end":{"line":3,"column":48}},"3":{"start":{"line":4,"column":0},"end":{"line":4,"column":58}},"5":{"start":{"line":6,"column":0},"end":{"line":6,"column":16}},"6":{"start":{"line":7,"column":0},"end":{"line":7,"column":55}},"7":{"start":{"line":8,"column":0},"end":{"line":8,"column":10}},"8":{"start":{"line":9,"column":0},"end":{"line":9,"column":6}},"9":{"start":{"line":10,"column":0},"end":{"line":10,"column":23}},"10":{"start":{"line":11,"column":0},"end":{"line":11,"column":45}},"12":{"start":{"line":13,"column":0},"end":{"line":13,"column":12}},"13":{"start":{"line":14,"column":0},"end":{"line":14,"column":40}},"15":{"start":{"line":16,"column":0},"end":{"line":16,"column":13}},"17":{"start":{"line":18,"column":0},"end":{"line":18,"column":22}},"18":{"start":{"line":19,"column":0},"end":{"line":19,"column":7}},"20":{"start":{"line":21,"column":0},"end":{"line":21,"column":1}},"22":{"start":{"line":23,"column":0},"end":{"line":23,"column":19}}},"s":{"0":0,"1":0,"2":0,"3":0,"5":0,"6":0,"7":0,"8":0,"9":0,"10":0,"12":0,"13":0,"15":0,"17":0,"18":0,"20":0,"22":0},"branchMap":{"0":{"type":"branch","line":1,"loc":{"start":{"line":1,"column":545},"end":{"line":23,"column":19}},"locations":[{"start":{"line":1,"column":545},"end":{"line":23,"column":19}}]}},"b":{"0":[0]},"fnMap":{"0":{"name":"(empty-report)","decl":{"start":{"line":1,"column":545},"end":{"line":23,"column":19}},"loc":{"start":{"line":1,"column":545},"end":{"line":23,"column":19}},"line":1}},"f":{"0":0}}
,"/Users/newstudent/Developer/capstone/tracker-frontend/app/src/main.jsx": {"path":"/Users/newstudent/Developer/capstone/tracker-frontend/app/src/main.jsx","all":true,"statementMap":{"0":{"start":{"line":1,"column":0},"end":{"line":1,"column":35}},"1":{"start":{"line":2,"column":0},"end":{"line":2,"column":46}},"2":{"start":{"line":3,"column":0},"end":{"line":3,"column":21}},"3":{"start":{"line":4,"column":0},"end":{"line":4,"column":28}},"5":{"start":{"line":6,"column":0},"end":{"line":6,"column":51}},"6":{"start":{"line":7,"column":0},"end":{"line":7,"column":14}},"7":{"start":{"line":8,"column":0},"end":{"line":8,"column":11}},"8":{"start":{"line":9,"column":0},"end":{"line":9,"column":15}},"9":{"start":{"line":10,"column":0},"end":{"line":10,"column":2}}},"s":{"0":0,"1":0,"2":0,"3":0,"5":0,"6":0,"7":0,"8":0,"9":0},"branchMap":{"0":{"type":"branch","line":1,"loc":{"start":{"line":1,"column":206},"end":{"line":10,"column":-148}},"locations":[{"start":{"line":1,"column":206},"end":{"line":10,"column":-148}}]}},"b":{"0":[0]},"fnMap":{"0":{"name":"(empty-report)","decl":{"start":{"line":1,"column":206},"end":{"line":10,"column":-148}},"loc":{"start":{"line":1,"column":206},"end":{"line":10,"column":-148}},"line":1}},"f":{"0":0}}
,"/Users/newstudent/Developer/capstone/tracker-frontend/app/src/components/ColorDropDwn.jsx": {"path":"/Users/newstudent/Developer/capstone/tracker-frontend/app/src/components/ColorDropDwn.jsx","all":true,"statementMap":{},"s":{},"branchMap":{"0":{"type":"branch","line":1,"loc":{"start":{"line":1,"column":115},"end":{"line":4,"column":16}},"locations":[{"start":{"line":1,"column":115},"end":{"line":4,"column":16}}]}},"b":{"0":[1]},"fnMap":{"0":{"name":"(empty-report)","decl":{"start":{"line":1,"column":115},"end":{"line":4,"column":16}},"loc":{"start":{"line":1,"column":115},"end":{"line":4,"column":16}},"line":1}},"f":{"0":1}}
,"/Users/newstudent/Developer/capstone/tracker-frontend/app/src/components/FormField.jsx": {"path":"/Users/newstudent/Developer/capstone/tracker-frontend/app/src/components/FormField.jsx","all":true,"statementMap":{},"s":{},"branchMap":{"0":{"type":"branch","line":1,"loc":{"start":{"line":1,"column":140},"end":{"line":4,"column":16}},"locations":[{"start":{"line":1,"column":140},"end":{"line":4,"column":16}}]}},"b":{"0":[1]},"fnMap":{"0":{"name":"(empty-report)","decl":{"start":{"line":1,"column":140},"end":{"line":4,"column":16}},"loc":{"start":{"line":1,"column":140},"end":{"line":4,"column":16}},"line":1}},"f":{"0":1}}
,"/Users/newstudent/Developer/capstone/tracker-frontend/app/src/components/FrequencyDropDwn.jsx": {"path":"/Users/newstudent/Developer/capstone/tracker-frontend/app/src/components/FrequencyDropDwn.jsx","all":true,"statementMap":{},"s":{},"branchMap":{"0":{"type":"branch","line":1,"loc":{"start":{"line":1,"column":172},"end":{"line":4,"column":16}},"locations":[{"start":{"line":1,"column":172},"end":{"line":4,"column":16}}]}},"b":{"0":[1]},"fnMap":{"0":{"name":"(empty-report)","decl":{"start":{"line":1,"column":172},"end":{"line":4,"column":16}},"loc":{"start":{"line":1,"column":172},"end":{"line":4,"column":16}},"line":1}},"f":{"0":1}}
,"/Users/newstudent/Developer/capstone/tracker-frontend/app/src/components/NavHeader.jsx": {"path":"/Users/newstudent/Developer/capstone/tracker-frontend/app/src/components/NavHeader.jsx","all":true,"statementMap":{},"s":{},"branchMap":{"0":{"type":"branch","line":1,"loc":{"start":{"line":1,"column":178},"end":{"line":4,"column":26}},"locations":[{"start":{"line":1,"column":178},"end":{"line":4,"column":26}}]}},"b":{"0":[1]},"fnMap":{"0":{"name":"(empty-report)","decl":{"start":{"line":1,"column":178},"end":{"line":4,"column":26}},"loc":{"start":{"line":1,"column":178},"end":{"line":4,"column":26}},"line":1}},"f":{"0":1}}
,"/Users/newstudent/Developer/capstone/tracker-frontend/app/src/components/NewGroupBtn.jsx": {"path":"/Users/newstudent/Developer/capstone/tracker-frontend/app/src/components/NewGroupBtn.jsx","all":true,"statementMap":{},"s":{},"branchMap":{"0":{"type":"branch","line":1,"loc":{"start":{"line":1,"column":143},"end":{"line":4,"column":16}},"locations":[{"start":{"line":1,"column":143},"end":{"line":4,"column":16}}]}},"b":{"0":[1]},"fnMap":{"0":{"name":"(empty-report)","decl":{"start":{"line":1,"column":143},"end":{"line":4,"column":16}},"loc":{"start":{"line":1,"column":143},"end":{"line":4,"column":16}},"line":1}},"f":{"0":1}}
,"/Users/newstudent/Developer/capstone/tracker-frontend/app/src/components/NewLogBtn.jsx": {"path":"/Users/newstudent/Developer/capstone/tracker-frontend/app/src/components/NewLogBtn.jsx","all":true,"statementMap":{},"s":{},"branchMap":{"0":{"type":"branch","line":1,"loc":{"start":{"line":1,"column":132},"end":{"line":4,"column":16}},"locations":[{"start":{"line":1,"column":132},"end":{"line":4,"column":16}}]}},"b":{"0":[1]},"fnMap":{"0":{"name":"(empty-report)","decl":{"start":{"line":1,"column":132},"end":{"line":4,"column":16}},"loc":{"start":{"line":1,"column":132},"end":{"line":4,"column":16}},"line":1}},"f":{"0":1}}
,"/Users/newstudent/Developer/capstone/tracker-frontend/app/src/components/NotesTextArea.jsx": {"path":"/Users/newstudent/Developer/capstone/tracker-frontend/app/src/components/NotesTextArea.jsx","all":true,"statementMap":{},"s":{},"branchMap":{"0":{"type":"branch","line":1,"loc":{"start":{"line":1,"column":122},"end":{"line":5,"column":17}},"locations":[{"start":{"line":1,"column":122},"end":{"line":5,"column":17}}]}},"b":{"0":[1]},"fnMap":{"0":{"name":"(empty-report)","decl":{"start":{"line":1,"column":122},"end":{"line":5,"column":17}},"loc":{"start":{"line":1,"column":122},"end":{"line":5,"column":17}},"line":1}},"f":{"0":1}}
,"/Users/newstudent/Developer/capstone/tracker-frontend/app/src/features/auth/AuthPage.jsx": {"path":"/Users/newstudent/Developer/capstone/tracker-frontend/app/src/features/auth/AuthPage.jsx","all":true,"statementMap":{"5":{"start":{"line":6,"column":0},"end":{"line":6,"column":36}},"6":{"start":{"line":7,"column":0},"end":{"line":7,"column":55}},"8":{"start":{"line":9,"column":0},"end":{"line":9,"column":33}},"10":{"start":{"line":11,"column":0},"end":{"line":11,"column":32}},"11":{"start":{"line":12,"column":0},"end":{"line":12,"column":47}},"14":{"start":{"line":15,"column":0},"end":{"line":15,"column":35}},"20":{"start":{"line":21,"column":0},"end":{"line":21,"column":51}},"21":{"start":{"line":22,"column":0},"end":{"line":22,"column":19}},"22":{"start":{"line":23,"column":0},"end":{"line":23,"column":24}},"23":{"start":{"line":24,"column":0},"end":{"line":24,"column":58}},"24":{"start":{"line":25,"column":0},"end":{"line":25,"column":4}},"25":{"start":{"line":26,"column":0},"end":{"line":26,"column":10}},"26":{"start":{"line":27,"column":0},"end":{"line":27,"column":6}},"27":{"start":{"line":28,"column":0},"end":{"line":28,"column":49}},"28":{"start":{"line":29,"column":0},"end":{"line":29,"column":16}},"29":{"start":{"line":30,"column":0},"end":{"line":30,"column":27}},"30":{"start":{"line":31,"column":0},"end":{"line":31,"column":33}},"31":{"start":{"line":32,"column":0},"end":{"line":32,"column":30}},"32":{"start":{"line":33,"column":0},"end":{"line":33,"column":19}},"33":{"start":{"line":34,"column":0},"end":{"line":34,"column":7}},"35":{"start":{"line":36,"column":0},"end":{"line":36,"column":1}},"36":{"start":{"line":37,"column":0},"end":{"line":37,"column":24}}},"s":{"5":0,"6":0,"8":0,"10":0,"11":0,"14":0,"20":0,"21":0,"22":0,"23":0,"24":0,"25":0,"26":0,"27":0,"28":0,"29":0,"30":0,"31":0,"32":0,"33":0,"35":0,"36":0},"branchMap":{"0":{"type":"branch","line":1,"loc":{"start":{"line":1,"column":1260},"end":{"line":37,"column":24}},"locations":[{"start":{"line":1,"column":1260},"end":{"line":37,"column":24}}]}},"b":{"0":[1]},"fnMap":{"0":{"name":"(empty-report)","decl":{"start":{"line":1,"column":1260},"end":{"line":37,"column":24}},"loc":{"start":{"line":1,"column":1260},"end":{"line":37,"column":24}},"line":1}},"f":{"0":1}}
,"/Users/newstudent/Developer/capstone/tracker-frontend/app/src/features/auth/InterestsDropDwn.jsx": {"path":"/Users/newstudent/Developer/capstone/tracker-frontend/app/src/features/auth/InterestsDropDwn.jsx","all":true,"statementMap":{},"s":{},"branchMap":{"0":{"type":"branch","line":1,"loc":{"start":{"line":1,"column":157},"end":{"line":5,"column":14}},"locations":[{"start":{"line":1,"column":157},"end":{"line":5,"column":14}}]}},"b":{"0":[1]},"fnMap":{"0":{"name":"(empty-report)","decl":{"start":{"line":1,"column":157},"end":{"line":5,"column":14}},"loc":{"start":{"line":1,"column":157},"end":{"line":5,"column":14}},"line":1}},"f":{"0":1}}
,"/Users/newstudent/Developer/capstone/tracker-frontend/app/src/features/auth/LoginBtn.jsx": {"path":"/Users/newstudent/Developer/capstone/tracker-frontend/app/src/features/auth/LoginBtn.jsx","all":true,"statementMap":{"5":{"start":{"line":6,"column":0},"end":{"line":6,"column":24}},"6":{"start":{"line":7,"column":0},"end":{"line":7,"column":46}},"7":{"start":{"line":8,"column":0},"end":{"line":8,"column":2}},"9":{"start":{"line":10,"column":0},"end":{"line":10,"column":24}}},"s":{"5":0,"6":0,"7":0,"9":0},"branchMap":{"0":{"type":"branch","line":1,"loc":{"start":{"line":1,"column":261},"end":{"line":10,"column":24}},"locations":[{"start":{"line":1,"column":261},"end":{"line":10,"column":24}}]}},"b":{"0":[1]},"fnMap":{"0":{"name":"(empty-report)","decl":{"start":{"line":1,"column":261},"end":{"line":10,"column":24}},"loc":{"start":{"line":1,"column":261},"end":{"line":10,"column":24}},"line":1}},"f":{"0":1}}
,"/Users/newstudent/Developer/capstone/tracker-frontend/app/src/features/auth/LoginForm.jsx": {"path":"/Users/newstudent/Developer/capstone/tracker-frontend/app/src/features/auth/LoginForm.jsx","all":true,"statementMap":{"6":{"start":{"line":7,"column":0},"end":{"line":7,"column":34}},"8":{"start":{"line":9,"column":0},"end":{"line":9,"column":57}},"9":{"start":{"line":10,"column":0},"end":{"line":10,"column":31}},"10":{"start":{"line":11,"column":0},"end":{"line":11,"column":23}},"11":{"start":{"line":12,"column":0},"end":{"line":12,"column":15}},"12":{"start":{"line":13,"column":0},"end":{"line":13,"column":4}},"14":{"start":{"line":15,"column":0},"end":{"line":15,"column":10}},"15":{"start":{"line":16,"column":0},"end":{"line":16,"column":34}},"16":{"start":{"line":17,"column":0},"end":{"line":17,"column":12}},"18":{"start":{"line":19,"column":0},"end":{"line":19,"column":24}},"19":{"start":{"line":20,"column":0},"end":{"line":20,"column":53}},"20":{"start":{"line":21,"column":0},"end":{"line":21,"column":30}},"21":{"start":{"line":22,"column":0},"end":{"line":22,"column":8}},"22":{"start":{"line":23,"column":0},"end":{"line":23,"column":27}},"23":{"start":{"line":24,"column":0},"end":{"line":24,"column":11}},"25":{"start":{"line":26,"column":0},"end":{"line":26,"column":1}},"27":{"start":{"line":28,"column":0},"end":{"line":28,"column":25}}},"s":{"6":0,"8":0,"9":0,"10":0,"11":0,"12":0,"14":0,"15":0,"16":0,"18":0,"19":0,"20":0,"21":0,"22":0,"23":0,"25":0,"27":0},"branchMap":{"0":{"type":"branch","line":1,"loc":{"start":{"line":1,"column":698},"end":{"line":28,"column":25}},"locations":[{"start":{"line":1,"column":698},"end":{"line":28,"column":25}}]}},"b":{"0":[1]},"fnMap":{"0":{"name":"(empty-report)","decl":{"start":{"line":1,"column":698},"end":{"line":28,"column":25}},"loc":{"start":{"line":1,"column":698},"end":{"line":28,"column":25}},"line":1}},"f":{"0":1}}
,"/Users/newstudent/Developer/capstone/tracker-frontend/app/src/features/auth/SignUpBtn.jsx": {"path":"/Users/newstudent/Developer/capstone/tracker-frontend/app/src/features/auth/SignUpBtn.jsx","all":true,"statementMap":{},"s":{},"branchMap":{"0":{"type":"branch","line":1,"loc":{"start":{"line":1,"column":158},"end":{"line":4,"column":49}},"locations":[{"start":{"line":1,"column":158},"end":{"line":4,"column":49}}]}},"b":{"0":[1]},"fnMap":{"0":{"name":"(empty-report)","decl":{"start":{"line":1,"column":158},"end":{"line":4,"column":49}},"loc":{"start":{"line":1,"column":158},"end":{"line":4,"column":49}},"line":1}},"f":{"0":1}}
,"/Users/newstudent/Developer/capstone/tracker-frontend/app/src/features/auth/SignUpForm.jsx": {"path":"/Users/newstudent/Developer/capstone/tracker-frontend/app/src/features/auth/SignUpForm.jsx","all":true,"statementMap":{},"s":{},"branchMap":{"0":{"type":"branch","line":1,"loc":{"start":{"line":1,"column":240},"end":{"line":5,"column":14}},"locations":[{"start":{"line":1,"column":240},"end":{"line":5,"column":14}}]}},"b":{"0":[1]},"fnMap":{"0":{"name":"(empty-report)","decl":{"start":{"line":1,"column":240},"end":{"line":5,"column":14}},"loc":{"start":{"line":1,"column":240},"end":{"line":5,"column":14}},"line":1}},"f":{"0":1}}
,"/Users/newstudent/Developer/capstone/tracker-frontend/app/src/features/dashboard/HomeDashboard.jsx": {"path":"/Users/newstudent/Developer/capstone/tracker-frontend/app/src/features/dashboard/HomeDashboard.jsx","all":true,"statementMap":{},"s":{},"branchMap":{"0":{"type":"branch","line":1,"loc":{"start":{"line":1,"column":222},"end":{"line":5,"column":14}},"locations":[{"start":{"line":1,"column":222},"end":{"line":5,"column":14}}]}},"b":{"0":[1]},"fnMap":{"0":{"name":"(empty-report)","decl":{"start":{"line":1,"column":222},"end":{"line":5,"column":14}},"loc":{"start":{"line":1,"column":222},"end":{"line":5,"column":14}},"line":1}},"f":{"0":1}}
,"/Users/newstudent/Developer/capstone/tracker-frontend/app/src/features/dashboard/ProfilePicture.jsx": {"path":"/Users/newstudent/Developer/capstone/tracker-frontend/app/src/features/dashboard/ProfilePicture.jsx","all":true,"statementMap":{},"s":{},"branchMap":{"0":{"type":"branch","line":1,"loc":{"start":{"line":1,"column":131},"end":{"line":5,"column":14}},"locations":[{"start":{"line":1,"column":131},"end":{"line":5,"column":14}}]}},"b":{"0":[1]},"fnMap":{"0":{"name":"(empty-report)","decl":{"start":{"line":1,"column":131},"end":{"line":5,"column":14}},"loc":{"start":{"line":1,"column":131},"end":{"line":5,"column":14}},"line":1}},"f":{"0":1}}
,"/Users/newstudent/Developer/capstone/tracker-frontend/app/src/features/dashboard/WelcomeMessage.jsx": {"path":"/Users/newstudent/Developer/capstone/tracker-frontend/app/src/features/dashboard/WelcomeMessage.jsx","all":true,"statementMap":{},"s":{},"branchMap":{"0":{"type":"branch","line":1,"loc":{"start":{"line":1,"column":93},"end":{"line":4,"column":14}},"locations":[{"start":{"line":1,"column":93},"end":{"line":4,"column":14}}]}},"b":{"0":[1]},"fnMap":{"0":{"name":"(empty-report)","decl":{"start":{"line":1,"column":93},"end":{"line":4,"column":14}},"loc":{"start":{"line":1,"column":93},"end":{"line":4,"column":14}},"line":1}},"f":{"0":1}}
,"/Users/newstudent/Developer/capstone/tracker-frontend/app/src/features/groups/FriendCard.jsx": {"path":"/Users/newstudent/Developer/capstone/tracker-frontend/app/src/features/groups/FriendCard.jsx","all":true,"statementMap":{},"s":{},"branchMap":{"0":{"type":"branch","line":1,"loc":{"start":{"line":1,"column":108},"end":{"line":5,"column":14}},"locations":[{"start":{"line":1,"column":108},"end":{"line":5,"column":14}}]}},"b":{"0":[1]},"fnMap":{"0":{"name":"(empty-report)","decl":{"start":{"line":1,"column":108},"end":{"line":5,"column":14}},"loc":{"start":{"line":1,"column":108},"end":{"line":5,"column":14}},"line":1}},"f":{"0":1}}
,"/Users/newstudent/Developer/capstone/tracker-frontend/app/src/features/groups/FriendListDropDwn.jsx": {"path":"/Users/newstudent/Developer/capstone/tracker-frontend/app/src/features/groups/FriendListDropDwn.jsx","all":true,"statementMap":{},"s":{},"branchMap":{"0":{"type":"branch","line":1,"loc":{"start":{"line":1,"column":171},"end":{"line":5,"column":14}},"locations":[{"start":{"line":1,"column":171},"end":{"line":5,"column":14}}]}},"b":{"0":[1]},"fnMap":{"0":{"name":"(empty-report)","decl":{"start":{"line":1,"column":171},"end":{"line":5,"column":14}},"loc":{"start":{"line":1,"column":171},"end":{"line":5,"column":14}},"line":1}},"f":{"0":1}}
,"/Users/newstudent/Developer/capstone/tracker-frontend/app/src/features/groups/FriendsWithCheckins.jsx": {"path":"/Users/newstudent/Developer/capstone/tracker-frontend/app/src/features/groups/FriendsWithCheckins.jsx","all":true,"statementMap":{},"s":{},"branchMap":{"0":{"type":"branch","line":1,"loc":{"start":{"line":1,"column":172},"end":{"line":5,"column":17}},"locations":[{"start":{"line":1,"column":172},"end":{"line":5,"column":17}}]}},"b":{"0":[1]},"fnMap":{"0":{"name":"(empty-report)","decl":{"start":{"line":1,"column":172},"end":{"line":5,"column":17}},"loc":{"start":{"line":1,"column":172},"end":{"line":5,"column":17}},"line":1}},"f":{"0":1}}
,"/Users/newstudent/Developer/capstone/tracker-frontend/app/src/features/groups/GroupDetails.jsx": {"path":"/Users/newstudent/Developer/capstone/tracker-frontend/app/src/features/groups/GroupDetails.jsx","all":true,"statementMap":{"9":{"start":{"line":10,"column":0},"end":{"line":10,"column":26}},"10":{"start":{"line":11,"column":0},"end":{"line":11,"column":42}},"12":{"start":{"line":13,"column":0},"end":{"line":13,"column":28}},"13":{"start":{"line":14,"column":0},"end":{"line":14,"column":47}},"14":{"start":{"line":15,"column":0},"end":{"line":15,"column":71}},"16":{"start":{"line":17,"column":0},"end":{"line":17,"column":28}},"17":{"start":{"line":18,"column":0},"end":{"line":18,"column":10}},"18":{"start":{"line":19,"column":0},"end":{"line":19,"column":9}},"19":{"start":{"line":20,"column":0},"end":{"line":20,"column":21}},"20":{"start":{"line":21,"column":0},"end":{"line":21,"column":53}},"21":{"start":{"line":22,"column":0},"end":{"line":22,"column":26}},"22":{"start":{"line":23,"column":0},"end":{"line":23,"column":22}},"23":{"start":{"line":24,"column":0},"end":{"line":24,"column":10}},"25":{"start":{"line":26,"column":0},"end":{"line":26,"column":2}},"27":{"start":{"line":28,"column":0},"end":{"line":28,"column":28}}},"s":{"9":0,"10":0,"12":0,"13":0,"14":0,"16":0,"17":0,"18":0,"19":0,"20":0,"21":0,"22":0,"23":0,"25":0,"27":0},"branchMap":{"0":{"type":"branch","line":1,"loc":{"start":{"line":1,"column":932},"end":{"line":28,"column":28}},"locations":[{"start":{"line":1,"column":932},"end":{"line":28,"column":28}}]}},"b":{"0":[1]},"fnMap":{"0":{"name":"(empty-report)","decl":{"start":{"line":1,"column":932},"end":{"line":28,"column":28}},"loc":{"start":{"line":1,"column":932},"end":{"line":28,"column":28}},"line":1}},"f":{"0":1}}
,"/Users/newstudent/Developer/capstone/tracker-frontend/app/src/features/groups/GroupTopicDropDwn.jsx": {"path":"/Users/newstudent/Developer/capstone/tracker-frontend/app/src/features/groups/GroupTopicDropDwn.jsx","all":true,"statementMap":{},"s":{},"branchMap":{"0":{"type":"branch","line":1,"loc":{"start":{"line":1,"column":145},"end":{"line":4,"column":16}},"locations":[{"start":{"line":1,"column":145},"end":{"line":4,"column":16}}]}},"b":{"0":[1]},"fnMap":{"0":{"name":"(empty-report)","decl":{"start":{"line":1,"column":145},"end":{"line":4,"column":16}},"loc":{"start":{"line":1,"column":145},"end":{"line":4,"column":16}},"line":1}},"f":{"0":1}}
,"/Users/newstudent/Developer/capstone/tracker-frontend/app/src/features/groups/MatchDropDwn.jsx": {"path":"/Users/newstudent/Developer/capstone/tracker-frontend/app/src/features/groups/MatchDropDwn.jsx","all":true,"statementMap":{},"s":{},"branchMap":{"0":{"type":"branch","line":1,"loc":{"start":{"line":1,"column":227},"end":{"line":5,"column":53}},"locations":[{"start":{"line":1,"column":227},"end":{"line":5,"column":53}}]}},"b":{"0":[1]},"fnMap":{"0":{"name":"(empty-report)","decl":{"start":{"line":1,"column":227},"end":{"line":5,"column":53}},"loc":{"start":{"line":1,"column":227},"end":{"line":5,"column":53}},"line":1}},"f":{"0":1}}
,"/Users/newstudent/Developer/capstone/tracker-frontend/app/src/features/groups/NewGroupForm.jsx": {"path":"/Users/newstudent/Developer/capstone/tracker-frontend/app/src/features/groups/NewGroupForm.jsx","all":true,"statementMap":{"6":{"start":{"line":7,"column":0},"end":{"line":7,"column":33}},"8":{"start":{"line":9,"column":0},"end":{"line":9,"column":28}},"9":{"start":{"line":10,"column":0},"end":{"line":10,"column":27}},"10":{"start":{"line":11,"column":0},"end":{"line":11,"column":19}},"11":{"start":{"line":12,"column":0},"end":{"line":12,"column":34}},"12":{"start":{"line":13,"column":0},"end":{"line":13,"column":2}},"13":{"start":{"line":14,"column":0},"end":{"line":14,"column":28}},"14":{"start":{"line":15,"column":0},"end":{"line":15,"column":63}},"16":{"start":{"line":17,"column":0},"end":{"line":17,"column":35}},"17":{"start":{"line":18,"column":0},"end":{"line":18,"column":27}},"19":{"start":{"line":20,"column":0},"end":{"line":20,"column":36}},"20":{"start":{"line":21,"column":0},"end":{"line":21,"column":4}},"22":{"start":{"line":23,"column":0},"end":{"line":23,"column":35}},"23":{"start":{"line":24,"column":0},"end":{"line":24,"column":40}},"24":{"start":{"line":25,"column":0},"end":{"line":25,"column":42}},"25":{"start":{"line":26,"column":0},"end":{"line":26,"column":32}},"26":{"start":{"line":27,"column":0},"end":{"line":27,"column":18}},"27":{"start":{"line":28,"column":0},"end":{"line":28,"column":30}},"28":{"start":{"line":29,"column":0},"end":{"line":29,"column":8}},"29":{"start":{"line":30,"column":0},"end":{"line":30,"column":4}},"31":{"start":{"line":32,"column":0},"end":{"line":32,"column":10}},"32":{"start":{"line":33,"column":0},"end":{"line":33,"column":34}},"33":{"start":{"line":34,"column":0},"end":{"line":34,"column":51}},"34":{"start":{"line":35,"column":0},"end":{"line":35,"column":12}},"35":{"start":{"line":36,"column":0},"end":{"line":36,"column":31}},"36":{"start":{"line":37,"column":0},"end":{"line":37,"column":19}},"37":{"start":{"line":38,"column":0},"end":{"line":38,"column":24}},"38":{"start":{"line":39,"column":0},"end":{"line":39,"column":37}},"39":{"start":{"line":40,"column":0},"end":{"line":40,"column":8}},"41":{"start":{"line":42,"column":0},"end":{"line":42,"column":48}},"42":{"start":{"line":43,"column":0},"end":{"line":43,"column":12}},"43":{"start":{"line":44,"column":0},"end":{"line":44,"column":31}},"44":{"start":{"line":45,"column":0},"end":{"line":45,"column":19}},"45":{"start":{"line":46,"column":0},"end":{"line":46,"column":31}},"46":{"start":{"line":47,"column":0},"end":{"line":47,"column":44}},"47":{"start":{"line":48,"column":0},"end":{"line":48,"column":8}},"48":{"start":{"line":49,"column":0},"end":{"line":49,"column":49}},"49":{"start":{"line":50,"column":0},"end":{"line":50,"column":11}},"51":{"start":{"line":52,"column":0},"end":{"line":52,"column":2}},"53":{"start":{"line":54,"column":0},"end":{"line":54,"column":28}}},"s":{"6":0,"8":0,"9":0,"10":0,"11":0,"12":0,"13":0,"14":0,"16":0,"17":0,"19":0,"20":0,"22":0,"23":0,"24":0,"25":0,"26":0,"27":0,"28":0,"29":0,"31":0,"32":0,"33":0,"34":0,"35":0,"36":0,"37":0,"38":0,"39":0,"41":0,"42":0,"43":0,"44":0,"45":0,"46":0,"47":0,"48":0,"49":0,"51":0,"53":0},"branchMap":{"0":{"type":"branch","line":1,"loc":{"start":{"line":1,"column":1418},"end":{"line":54,"column":28}},"locations":[{"start":{"line":1,"column":1418},"end":{"line":54,"column":28}}]}},"b":{"0":[1]},"fnMap":{"0":{"name":"(empty-report)","decl":{"start":{"line":1,"column":1418},"end":{"line":54,"column":28}},"loc":{"start":{"line":1,"column":1418},"end":{"line":54,"column":28}},"line":1}},"f":{"0":1}}
,"/Users/newstudent/Developer/capstone/tracker-frontend/app/src/features/groups/RemindBtn.jsx": {"path":"/Users/newstudent/Developer/capstone/tracker-frontend/app/src/features/groups/RemindBtn.jsx","all":true,"statementMap":{},"s":{},"branchMap":{"0":{"type":"branch","line":1,"loc":{"start":{"line":1,"column":164},"end":{"line":5,"column":15}},"locations":[{"start":{"line":1,"column":164},"end":{"line":5,"column":15}}]}},"b":{"0":[1]},"fnMap":{"0":{"name":"(empty-report)","decl":{"start":{"line":1,"column":164},"end":{"line":5,"column":15}},"loc":{"start":{"line":1,"column":164},"end":{"line":5,"column":15}},"line":1}},"f":{"0":1}}
,"/Users/newstudent/Developer/capstone/tracker-frontend/app/src/features/groups/TextAllBtn.jsx": {"path":"/Users/newstudent/Developer/capstone/tracker-frontend/app/src/features/groups/TextAllBtn.jsx","all":true,"statementMap":{},"s":{},"branchMap":{"0":{"type":"branch","line":1,"loc":{"start":{"line":1,"column":175},"end":{"line":5,"column":15}},"locations":[{"start":{"line":1,"column":175},"end":{"line":5,"column":15}}]}},"b":{"0":[1]},"fnMap":{"0":{"name":"(empty-report)","decl":{"start":{"line":1,"column":175},"end":{"line":5,"column":15}},"loc":{"start":{"line":1,"column":175},"end":{"line":5,"column":15}},"line":1}},"f":{"0":1}}
,"/Users/newstudent/Developer/capstone/tracker-frontend/app/src/features/logs/CheckInBtn.jsx": {"path":"/Users/newstudent/Developer/capstone/tracker-frontend/app/src/features/logs/CheckInBtn.jsx","all":true,"statementMap":{},"s":{},"branchMap":{"0":{"type":"branch","line":1,"loc":{"start":{"line":1,"column":137},"end":{"line":4,"column":31}},"locations":[{"start":{"line":1,"column":137},"end":{"line":4,"column":31}}]}},"b":{"0":[1]},"fnMap":{"0":{"name":"(empty-report)","decl":{"start":{"line":1,"column":137},"end":{"line":4,"column":31}},"loc":{"start":{"line":1,"column":137},"end":{"line":4,"column":31}},"line":1}},"f":{"0":1}}
,"/Users/newstudent/Developer/capstone/tracker-frontend/app/src/features/logs/CheckInForm.jsx": {"path":"/Users/newstudent/Developer/capstone/tracker-frontend/app/src/features/logs/CheckInForm.jsx","all":true,"statementMap":{},"s":{},"branchMap":{"0":{"type":"branch","line":1,"loc":{"start":{"line":1,"column":156},"end":{"line":5,"column":13}},"locations":[{"start":{"line":1,"column":156},"end":{"line":5,"column":13}}]}},"b":{"0":[1]},"fnMap":{"0":{"name":"(empty-report)","decl":{"start":{"line":1,"column":156},"end":{"line":5,"column":13}},"loc":{"start":{"line":1,"column":156},"end":{"line":5,"column":13}},"line":1}},"f":{"0":1}}
,"/Users/newstudent/Developer/capstone/tracker-frontend/app/src/features/logs/LogCard.jsx": {"path":"/Users/newstudent/Developer/capstone/tracker-frontend/app/src/features/logs/LogCard.jsx","all":true,"statementMap":{},"s":{},"branchMap":{"0":{"type":"branch","line":1,"loc":{"start":{"line":1,"column":225},"end":{"line":5,"column":20}},"locations":[{"start":{"line":1,"column":225},"end":{"line":5,"column":20}}]}},"b":{"0":[1]},"fnMap":{"0":{"name":"(empty-report)","decl":{"start":{"line":1,"column":225},"end":{"line":5,"column":20}},"loc":{"start":{"line":1,"column":225},"end":{"line":5,"column":20}},"line":1}},"f":{"0":1}}
,"/Users/newstudent/Developer/capstone/tracker-frontend/app/src/features/logs/LogList.jsx": {"path":"/Users/newstudent/Developer/capstone/tracker-frontend/app/src/features/logs/LogList.jsx","all":true,"statementMap":{},"s":{},"branchMap":{"0":{"type":"branch","line":1,"loc":{"start":{"line":1,"column":128},"end":{"line":4,"column":33}},"locations":[{"start":{"line":1,"column":128},"end":{"line":4,"column":33}}]}},"b":{"0":[1]},"fnMap":{"0":{"name":"(empty-report)","decl":{"start":{"line":1,"column":128},"end":{"line":4,"column":33}},"loc":{"start":{"line":1,"column":128},"end":{"line":4,"column":33}},"line":1}},"f":{"0":1}}
,"/Users/newstudent/Developer/capstone/tracker-frontend/app/src/features/logs/LogViewDetails.jsx": {"path":"/Users/newstudent/Developer/capstone/tracker-frontend/app/src/features/logs/LogViewDetails.jsx","all":true,"statementMap":{},"s":{},"branchMap":{"0":{"type":"branch","line":1,"loc":{"start":{"line":1,"column":270},"end":{"line":5,"column":13}},"locations":[{"start":{"line":1,"column":270},"end":{"line":5,"column":13}}]}},"b":{"0":[1]},"fnMap":{"0":{"name":"(empty-report)","decl":{"start":{"line":1,"column":270},"end":{"line":5,"column":13}},"loc":{"start":{"line":1,"column":270},"end":{"line":5,"column":13}},"line":1}},"f":{"0":1}}
,"/Users/newstudent/Developer/capstone/tracker-frontend/app/src/features/logs/NewLogForm.jsx": {"path":"/Users/newstudent/Developer/capstone/tracker-frontend/app/src/features/logs/NewLogForm.jsx","all":true,"statementMap":{},"s":{},"branchMap":{"0":{"type":"branch","line":1,"loc":{"start":{"line":1,"column":188},"end":{"line":4,"column":26}},"locations":[{"start":{"line":1,"column":188},"end":{"line":4,"column":26}}]}},"b":{"0":[1]},"fnMap":{"0":{"name":"(empty-report)","decl":{"start":{"line":1,"column":188},"end":{"line":4,"column":26}},"loc":{"start":{"line":1,"column":188},"end":{"line":4,"column":26}},"line":1}},"f":{"0":1}}
,"/Users/newstudent/Developer/capstone/tracker-frontend/app/src/features/logs/ViewGroupBtn.jsx": {"path":"/Users/newstudent/Developer/capstone/tracker-frontend/app/src/features/logs/ViewGroupBtn.jsx","all":true,"statementMap":{},"s":{},"branchMap":{"0":{"type":"branch","line":1,"loc":{"start":{"line":1,"column":172},"end":{"line":4,"column":35}},"locations":[{"start":{"line":1,"column":172},"end":{"line":4,"column":35}}]}},"b":{"0":[1]},"fnMap":{"0":{"name":"(empty-report)","decl":{"start":{"line":1,"column":172},"end":{"line":4,"column":35}},"loc":{"start":{"line":1,"column":172},"end":{"line":4,"column":35}},"line":1}},"f":{"0":1}}
,"/Users/newstudent/Developer/capstone/tracker-frontend/app/src/requests/groupApi.js": {"path":"/Users/newstudent/Developer/capstone/tracker-frontend/app/src/requests/groupApi.js","all":true,"statementMap":{},"s":{},"branchMap":{"0":{"type":"branch","line":1,"loc":{"start":{"line":1,"column":0},"end":{"line":1,"column":0}},"locations":[{"start":{"line":1,"column":0},"end":{"line":1,"column":0}}]}},"b":{"0":[1]},"fnMap":{"0":{"name":"(empty-report)","decl":{"start":{"line":1,"column":0},"end":{"line":1,"column":0}},"loc":{"start":{"line":1,"column":0},"end":{"line":1,"column":0}},"line":1}},"f":{"0":1}}
,"/Users/newstudent/Developer/capstone/tracker-frontend/app/src/requests/logApi.js": {"path":"/Users/newstudent/Developer/capstone/tracker-frontend/app/src/requests/logApi.js","all":true,"statementMap":{},"s":{},"branchMap":{"0":{"type":"branch","line":1,"loc":{"start":{"line":1,"column":0},"end":{"line":1,"column":0}},"locations":[{"start":{"line":1,"column":0},"end":{"line":1,"column":0}}]}},"b":{"0":[1]},"fnMap":{"0":{"name":"(empty-report)","decl":{"start":{"line":1,"column":0},"end":{"line":1,"column":0}},"loc":{"start":{"line":1,"column":0},"end":{"line":1,"column":0}},"line":1}},"f":{"0":1}}
,"/Users/newstudent/Developer/capstone/tracker-frontend/app/src/requests/userApi.js": {"path":"/Users/newstudent/Developer/capstone/tracker-frontend/app/src/requests/userApi.js","all":true,"statementMap":{"0":{"start":{"line":1,"column":0},"end":{"line":1,"column":26}},"2":{"start":{"line":3,"column":0},"end":{"line":3,"column":45}},"4":{"start":{"line":5,"column":0},"end":{"line":5,"column":68}},"5":{"start":{"line":6,"column":0},"end":{"line":6,"column":48}},"6":{"start":{"line":7,"column":0},"end":{"line":7,"column":52}},"7":{"start":{"line":8,"column":0},"end":{"line":8,"column":7}},"8":{"start":{"line":9,"column":0},"end":{"line":9,"column":34}},"9":{"start":{"line":10,"column":0},"end":{"line":10,"column":36}},"10":{"start":{"line":11,"column":0},"end":{"line":11,"column":23}},"11":{"start":{"line":12,"column":0},"end":{"line":12,"column":50}},"12":{"start":{"line":13,"column":0},"end":{"line":13,"column":39}},"13":{"start":{"line":14,"column":0},"end":{"line":14,"column":43}},"14":{"start":{"line":15,"column":0},"end":{"line":15,"column":20}},"15":{"start":{"line":16,"column":0},"end":{"line":16,"column":32}},"16":{"start":{"line":17,"column":0},"end":{"line":17,"column":28}},"17":{"start":{"line":18,"column":0},"end":{"line":18,"column":10}},"18":{"start":{"line":19,"column":0},"end":{"line":19,"column":31}},"19":{"start":{"line":20,"column":0},"end":{"line":20,"column":14}},"20":{"start":{"line":21,"column":0},"end":{"line":21,"column":9}},"21":{"start":{"line":22,"column":0},"end":{"line":22,"column":31}},"22":{"start":{"line":23,"column":0},"end":{"line":23,"column":43}},"23":{"start":{"line":24,"column":0},"end":{"line":24,"column":39}},"24":{"start":{"line":25,"column":0},"end":{"line":25,"column":10}},"25":{"start":{"line":26,"column":0},"end":{"line":26,"column":8}},"26":{"start":{"line":27,"column":0},"end":{"line":27,"column":5}},"27":{"start":{"line":28,"column":0},"end":{"line":28,"column":19}},"28":{"start":{"line":29,"column":0},"end":{"line":29,"column":23}},"29":{"start":{"line":30,"column":0},"end":{"line":30,"column":3}},"30":{"start":{"line":31,"column":0},"end":{"line":31,"column":2}}},"s":{"0":0,"2":0,"4":0,"5":0,"6":0,"7":0,"8":0,"9":0,"10":0,"11":0,"12":0,"13":0,"14":0,"15":0,"16":0,"17":0,"18":0,"19":0,"20":0,"21":0,"22":0,"23":0,"24":0,"25":0,"26":0,"27":0,"28":0,"29":0,"30":0},"branchMap":{"0":{"type":"branch","line":1,"loc":{"start":{"line":1,"column":828},"end":{"line":31,"column":2}},"locations":[{"start":{"line":1,"column":828},"end":{"line":31,"column":2}}]}},"b":{"0":[0]},"fnMap":{"0":{"name":"(empty-report)","decl":{"start":{"line":1,"column":828},"end":{"line":31,"column":2}},"loc":{"start":{"line":1,"column":828},"end":{"line":31,"column":2}},"line":1}},"f":{"0":0}}
}
